Configuration file: /Users/heylear/IdeaProjects/heylear.github.io/_config.yml
            Source: /Users/heylear/IdeaProjects/heylear.github.io
       Destination: /Users/heylear/IdeaProjects/heylear.github.io/_site
      Generating... 
                    done.
 Auto-regeneration: enabled for '/Users/heylear/IdeaProjects/heylear.github.io'
Configuration file: /Users/heylear/IdeaProjects/heylear.github.io/_config.yml
    Server address: http://127.0.0.1:4000/
  Server running... press ctrl-c to stop.
      Regenerating: 1 file(s) changed at 2015-10-20 20:21:17 ...done in 0.188966 seconds.
      Regenerating: 1 file(s) changed at 2015-10-20 20:21:31 ...done in 0.197265 seconds.
      Regenerating: 1 file(s) changed at 2015-10-20 20:21:31 ...done in 0.295522 seconds.
      Regenerating: 1 file(s) changed at 2015-10-20 20:21:52 ...done in 0.244575 seconds.
      Regenerating: 1 file(s) changed at 2015-10-20 20:22:00 ...done in 0.193598 seconds.
      Regenerating: 1 file(s) changed at 2015-10-20 20:22:16 ...done in 0.1981 seconds.
      Regenerating: 1 file(s) changed at 2015-10-20 20:22:17 ...done in 0.187569 seconds.
      Regenerating: 1 file(s) changed at 2015-10-20 20:22:20 ...done in 0.288744 seconds.
      Regenerating: 2 file(s) changed at 2015-10-20 20:22:52 ...done in 0.186838 seconds.
      Regenerating: 2 file(s) changed at 2015-10-20 20:23:01 ...done in 0.183694 seconds.
      Regenerating: 1 file(s) changed at 2015-10-20 20:23:10 ...done in 0.175509 seconds.
      Regenerating: 2 file(s) changed at 2015-10-20 20:23:21 ...done in 0.197506 seconds.
      Regenerating: 2 file(s) changed at 2015-10-20 20:23:39 ...done in 0.189771 seconds.
      Regenerating: 2 file(s) changed at 2015-10-20 20:23:56 ...done in 0.188792 seconds.
      Regenerating: 1 file(s) changed at 2015-10-20 20:24:01 ...done in 0.175553 seconds.
      Regenerating: 1 file(s) changed at 2015-10-20 20:24:38 ...done in 0.180076 seconds.
      Regenerating: 1 file(s) changed at 2015-10-20 20:29:32 ...done in 0.246992 seconds.
      Regenerating: 2 file(s) changed at 2015-10-20 20:29:57 ...done in 0.209143 seconds.
      Regenerating: 1 file(s) changed at 2015-10-20 20:30:47 ...done in 0.219854 seconds.
      Regenerating: 1 file(s) changed at 2015-10-20 20:31:44 ...done in 0.209496 seconds.
      Regenerating: 1 file(s) changed at 2015-10-20 20:31:46 ...done in 0.204307 seconds.
      Regenerating: 1 file(s) changed at 2015-10-20 20:32:01 ...done in 0.213019 seconds.
      Regenerating: 1 file(s) changed at 2015-10-20 20:32:18 ...done in 0.271961 seconds.
      Regenerating: 1 file(s) changed at 2015-10-20 20:33:25 ...done in 0.244741 seconds.
      Regenerating: 1 file(s) changed at 2015-10-20 20:34:30 ...done in 0.27704 seconds.
      Regenerating: 1 file(s) changed at 2015-10-20 20:35:20 ...done in 0.269831 seconds.
      Regenerating: 1 file(s) changed at 2015-10-20 20:35:25 ...done in 0.240965 seconds.
      Regenerating: 2 file(s) changed at 2015-10-20 20:35:33 ...done in 0.251173 seconds.
      Regenerating: 2 file(s) changed at 2015-10-20 20:35:39 ...done in 0.252995 seconds.
      Regenerating: 2 file(s) changed at 2015-10-20 20:35:46 ...done in 0.264666 seconds.
      Regenerating: 2 file(s) changed at 2015-10-20 20:35:55 ...done in 0.240698 seconds.
      Regenerating: 2 file(s) changed at 2015-10-20 20:36:06 ...done in 0.23877 seconds.
      Regenerating: 2 file(s) changed at 2015-10-20 20:36:15 ...done in 0.259998 seconds.
      Regenerating: 2 file(s) changed at 2015-10-20 20:36:20 ...done in 0.245825 seconds.
      Regenerating: 1 file(s) changed at 2015-10-20 20:37:23 ...done in 0.245265 seconds.
      Regenerating: 1 file(s) changed at 2015-10-20 20:37:30 ...done in 0.265522 seconds.
      Regenerating: 1 file(s) changed at 2015-10-20 20:37:32 ...done in 0.254539 seconds.
      Regenerating: 1 file(s) changed at 2015-10-20 20:37:49 ...done in 0.247306 seconds.
      Regenerating: 1 file(s) changed at 2015-10-20 20:37:51 ...done in 0.25603 seconds.
      Regenerating: 1 file(s) changed at 2015-10-20 20:38:06 ...done in 0.242774 seconds.
      Regenerating: 1 file(s) changed at 2015-10-20 20:38:12 ...done in 0.245134 seconds.
      Regenerating: 1 file(s) changed at 2015-10-20 20:38:17 ...done in 0.253269 seconds.
      Regenerating: 1 file(s) changed at 2015-10-20 20:38:26 ...done in 0.253693 seconds.
      Regenerating: 1 file(s) changed at 2015-10-20 20:39:12 ...done in 0.245071 seconds.
      Regenerating: 1 file(s) changed at 2015-10-20 20:39:48 ...done in 0.229446 seconds.
      Regenerating: 1 file(s) changed at 2015-10-20 20:40:33 ...done in 0.237156 seconds.
      Regenerating: 1 file(s) changed at 2015-10-20 20:40:40 ...done in 0.23084 seconds.
      Regenerating: 1 file(s) changed at 2015-10-20 20:40:53 ...done in 0.237455 seconds.
      Regenerating: 1 file(s) changed at 2015-10-20 20:41:01 ...done in 0.252204 seconds.
      Regenerating: 1 file(s) changed at 2015-10-20 20:41:01 ...done in 0.251222 seconds.
      Regenerating: 1 file(s) changed at 2015-10-20 20:41:15 ...done in 0.234662 seconds.
      Regenerating: 1 file(s) changed at 2015-10-20 20:41:32 ...done in 0.324046 seconds.
      Regenerating: 1 file(s) changed at 2015-10-20 20:41:43 ...done in 0.26336 seconds.
      Regenerating: 1 file(s) changed at 2015-10-20 20:41:45 ...done in 0.237323 seconds.
      Regenerating: 1 file(s) changed at 2015-10-20 20:41:52 ...done in 0.24136 seconds.
      Regenerating: 1 file(s) changed at 2015-10-20 20:42:00 ...done in 0.314173 seconds.
      Regenerating: 1 file(s) changed at 2015-10-20 20:42:13 ...done in 0.221959 seconds.
      Regenerating: 1 file(s) changed at 2015-10-20 20:42:40 ...done in 0.249435 seconds.
      Regenerating: 1 file(s) changed at 2015-10-20 20:43:00 ...done in 0.318844 seconds.
      Regenerating: 1 file(s) changed at 2015-10-20 20:43:23 ...done in 0.315674 seconds.
      Regenerating: 1 file(s) changed at 2015-10-20 20:43:37 ...done in 0.243412 seconds.
      Regenerating: 1 file(s) changed at 2015-10-20 20:43:46 ...done in 0.248878 seconds.
      Regenerating: 1 file(s) changed at 2015-10-20 20:44:22 ...done in 0.247119 seconds.
      Regenerating: 1 file(s) changed at 2015-10-20 20:44:25 ...done in 0.313408 seconds.
      Regenerating: 1 file(s) changed at 2015-10-20 20:48:17 ...done in 0.285898 seconds.
      Regenerating: 1 file(s) changed at 2015-10-20 20:49:17 ...done in 0.233541 seconds.
      Regenerating: 1 file(s) changed at 2015-10-20 20:49:30 ...done in 0.239941 seconds.
      Regenerating: 1 file(s) changed at 2015-10-20 20:50:25 ...done in 0.261888 seconds.
      Regenerating: 1 file(s) changed at 2015-10-20 20:50:32 ...done in 0.25763 seconds.
      Regenerating: 1 file(s) changed at 2015-10-20 20:50:49 ...done in 0.33661 seconds.
      Regenerating: 1 file(s) changed at 2015-10-20 20:51:00 ...done in 0.252509 seconds.
      Regenerating: 1 file(s) changed at 2015-10-20 20:51:06 ...done in 0.246557 seconds.
      Regenerating: 1 file(s) changed at 2015-10-20 20:51:12 ...done in 0.25312 seconds.
      Regenerating: 1 file(s) changed at 2015-10-20 20:51:19 ...done in 0.262968 seconds.
      Regenerating: 1 file(s) changed at 2015-10-20 20:51:29 ...done in 0.237398 seconds.
      Regenerating: 1 file(s) changed at 2015-10-20 20:51:36 ...done in 0.278912 seconds.
      Regenerating: 1 file(s) changed at 2015-10-20 20:51:50 ...done in 0.249502 seconds.
      Regenerating: 1 file(s) changed at 2015-10-20 20:51:53 ...done in 0.249868 seconds.
      Regenerating: 1 file(s) changed at 2015-10-20 20:51:59 ...done in 0.26589 seconds.
      Regenerating: 1 file(s) changed at 2015-10-20 20:52:12 ...done in 0.301709 seconds.
      Regenerating: 1 file(s) changed at 2015-10-20 20:52:33 ...done in 0.346053 seconds.
      Regenerating: 1 file(s) changed at 2015-10-20 20:52:51 ...done in 0.25238 seconds.
      Regenerating: 1 file(s) changed at 2015-10-20 20:53:28 ...done in 0.26098 seconds.
      Regenerating: 1 file(s) changed at 2015-10-20 20:53:40 ...done in 0.286307 seconds.
      Regenerating: 1 file(s) changed at 2015-10-20 20:53:45 ...done in 0.262049 seconds.
      Regenerating: 1 file(s) changed at 2015-10-20 20:53:59 ...done in 0.26848 seconds.
      Regenerating: 1 file(s) changed at 2015-10-20 20:54:16 ...done in 0.266692 seconds.
      Regenerating: 1 file(s) changed at 2015-10-20 20:54:21 ...done in 0.266227 seconds.
      Regenerating: 1 file(s) changed at 2015-10-20 20:54:40 ...done in 0.38287 seconds.
      Regenerating: 1 file(s) changed at 2015-10-20 20:54:49 ...done in 0.265651 seconds.
      Regenerating: 1 file(s) changed at 2015-10-20 20:54:56 ...done in 0.34873 seconds.
      Regenerating: 1 file(s) changed at 2015-10-20 20:55:15 ...done in 0.268747 seconds.
      Regenerating: 1 file(s) changed at 2015-10-20 20:55:17 ...done in 0.251436 seconds.
      Regenerating: 1 file(s) changed at 2015-10-20 20:55:32 ...done in 0.258857 seconds.
      Regenerating: 1 file(s) changed at 2015-10-20 20:55:36 ...done in 0.254569 seconds.
      Regenerating: 1 file(s) changed at 2015-10-20 20:55:37 ...done in 0.270121 seconds.
      Regenerating: 1 file(s) changed at 2015-10-20 20:55:54 ...done in 0.361403 seconds.
      Regenerating: 1 file(s) changed at 2015-10-20 20:59:39 ...done in 0.308754 seconds.
      Regenerating: 1 file(s) changed at 2015-10-20 21:00:05 ...done in 0.27482 seconds.
      Regenerating: 2 file(s) changed at 2015-10-20 21:00:09 ...done in 0.301899 seconds.
      Regenerating: 1 file(s) changed at 2015-10-20 21:00:14 ...done in 0.283352 seconds.
      Regenerating: 1 file(s) changed at 2015-10-20 21:00:22 ...done in 0.280889 seconds.
      Regenerating: 1 file(s) changed at 2015-10-20 21:00:25 ...done in 0.332861 seconds.
      Regenerating: 1 file(s) changed at 2015-10-20 21:00:50 ...done in 0.275979 seconds.
      Regenerating: 1 file(s) changed at 2015-10-20 21:00:51 ...done in 0.280733 seconds.
      Regenerating: 1 file(s) changed at 2015-10-20 21:01:17 ...done in 0.270298 seconds.
      Regenerating: 1 file(s) changed at 2015-10-20 21:01:21 ...done in 0.269595 seconds.
      Regenerating: 1 file(s) changed at 2015-10-20 21:01:22 ...done in 0.273314 seconds.
      Regenerating: 1 file(s) changed at 2015-10-20 21:01:24 ...done in 0.276491 seconds.
      Regenerating: 1 file(s) changed at 2015-10-20 21:02:12 ...done in 0.268583 seconds.
      Regenerating: 1 file(s) changed at 2015-10-20 21:02:15 ...done in 0.271246 seconds.
      Regenerating: 1 file(s) changed at 2015-10-20 21:04:47 ...done in 0.268578 seconds.
      Regenerating: 1 file(s) changed at 2015-10-20 21:04:49 ...done in 0.265545 seconds.
      Regenerating: 1 file(s) changed at 2015-10-20 21:05:31 ...done in 0.271418 seconds.
      Regenerating: 1 file(s) changed at 2015-10-20 21:05:51 ...done in 0.285419 seconds.
      Regenerating: 1 file(s) changed at 2015-10-20 21:06:00 ...done in 0.2774 seconds.
      Regenerating: 1 file(s) changed at 2015-10-20 21:06:39 ...done in 0.278834 seconds.
      Regenerating: 1 file(s) changed at 2015-10-20 21:08:59 ...done in 0.305555 seconds.
      Regenerating: 1 file(s) changed at 2015-10-20 21:09:01 ...done in 0.288999 seconds.
      Regenerating: 1 file(s) changed at 2015-10-20 21:11:18 ...done in 0.286118 seconds.
      Regenerating: 1 file(s) changed at 2015-10-20 21:12:18 ...done in 0.269185 seconds.
      Regenerating: 1 file(s) changed at 2015-10-20 21:12:32 ...done in 0.266364 seconds.
      Regenerating: 1 file(s) changed at 2015-10-20 21:12:44 ...done in 0.271953 seconds.
      Regenerating: 1 file(s) changed at 2015-10-20 21:13:07 ...done in 0.346827 seconds.
      Regenerating: 1 file(s) changed at 2015-10-20 21:14:59 ...done in 0.274403 seconds.
      Regenerating: 1 file(s) changed at 2015-10-20 21:17:40 ...done in 0.333658 seconds.
      Regenerating: 1 file(s) changed at 2015-10-20 21:17:45 ...done in 0.339592 seconds.
      Regenerating: 1 file(s) changed at 2015-10-20 21:18:01 ...done in 0.448501 seconds.
      Regenerating: 1 file(s) changed at 2015-10-20 21:18:41 ...done in 0.393226 seconds.
      Regenerating: 1 file(s) changed at 2015-10-20 21:18:47 ...done in 0.310248 seconds.
      Regenerating: 1 file(s) changed at 2015-10-20 21:18:50 ...done in 0.342815 seconds.
      Regenerating: 1 file(s) changed at 2015-10-20 21:19:28 ...done in 0.411706 seconds.
      Regenerating: 1 file(s) changed at 2015-10-20 21:19:37 ...done in 0.391866 seconds.
      Regenerating: 1 file(s) changed at 2015-10-20 21:19:54 ...done in 0.298324 seconds.
      Regenerating: 1 file(s) changed at 2015-10-20 21:20:36 ...done in 0.311037 seconds.
      Regenerating: 1 file(s) changed at 2015-10-20 21:20:45 ...done in 0.303686 seconds.
      Regenerating: 1 file(s) changed at 2015-10-20 21:20:55 ...done in 0.302788 seconds.
      Regenerating: 1 file(s) changed at 2015-10-20 21:20:59 ...done in 0.314983 seconds.
      Regenerating: 1 file(s) changed at 2015-10-20 21:21:00 ...done in 0.298961 seconds.
      Regenerating: 1 file(s) changed at 2015-10-20 21:21:02 ...done in 0.304816 seconds.
      Regenerating: 1 file(s) changed at 2015-10-20 21:21:10 ...done in 0.306633 seconds.
      Regenerating: 1 file(s) changed at 2015-10-20 21:21:34 ...done in 0.351172 seconds.
      Regenerating: 1 file(s) changed at 2015-10-20 21:22:53 ...done in 0.4215 seconds.
      Regenerating: 1 file(s) changed at 2015-10-20 21:23:28 ...error:
[33m             Error: Invalid date '2014-12-': Post '_posts/2014-12-11-html-devicemotion.md' does not have a valid date in the YAML front matter.[0m
[33m             Error: Run jekyll build --trace for more information.[0m
      Regenerating: 1 file(s) changed at 2015-10-20 21:23:33 ...done in 0.320279 seconds.
      Regenerating: 1 file(s) changed at 2015-10-20 21:23:38 ...done in 0.336409 seconds.
      Regenerating: 1 file(s) changed at 2015-10-20 21:23:42 ...done in 0.323349 seconds.
      Regenerating: 1 file(s) changed at 2015-10-20 21:24:45 ...done in 0.309321 seconds.
      Regenerating: 1 file(s) changed at 2015-10-20 21:25:28 ...done in 0.307412 seconds.
      Regenerating: 1 file(s) changed at 2015-10-20 21:25:38 ...done in 0.293241 seconds.
      Regenerating: 1 file(s) changed at 2015-10-20 21:25:59 ...done in 0.383567 seconds.
      Regenerating: 1 file(s) changed at 2015-10-20 21:26:26 ...done in 0.371745 seconds.
      Regenerating: 1 file(s) changed at 2015-10-20 21:26:36 ...done in 0.366659 seconds.
      Regenerating: 1 file(s) changed at 2015-10-20 21:26:49 ...done in 0.324103 seconds.
      Regenerating: 1 file(s) changed at 2015-10-20 21:26:58 ...done in 0.311881 seconds.
      Regenerating: 1 file(s) changed at 2015-10-20 21:27:04 ...done in 0.309612 seconds.
      Regenerating: 1 file(s) changed at 2015-10-20 21:27:13 ...done in 0.302315 seconds.
      Regenerating: 1 file(s) changed at 2015-10-20 21:27:19 ...done in 0.30479 seconds.
      Regenerating: 1 file(s) changed at 2015-10-20 21:27:26 ...done in 0.306832 seconds.
      Regenerating: 1 file(s) changed at 2015-10-20 21:27:54 ...done in 0.316021 seconds.
      Regenerating: 1 file(s) changed at 2015-10-20 21:28:04 ...done in 0.320469 seconds.
      Regenerating: 1 file(s) changed at 2015-10-20 21:28:18 ...done in 0.301442 seconds.
      Regenerating: 1 file(s) changed at 2015-10-20 21:28:19 ...done in 0.309518 seconds.
      Regenerating: 1 file(s) changed at 2015-10-20 21:28:21 ...done in 0.292921 seconds.
      Regenerating: 1 file(s) changed at 2015-10-20 21:31:49 ...done in 0.313828 seconds.
      Regenerating: 1 file(s) changed at 2015-10-20 21:33:12 ...done in 0.309731 seconds.
      Regenerating: 1 file(s) changed at 2015-10-20 21:35:05 ...done in 0.30155 seconds.
      Regenerating: 1 file(s) changed at 2015-10-20 21:35:09 ...done in 0.380015 seconds.
      Regenerating: 1 file(s) changed at 2015-10-20 21:52:13 ...done in 0.37533 seconds.
      Regenerating: 1 file(s) changed at 2015-10-20 21:56:03 ...done in 0.367185 seconds.
      Regenerating: 4 file(s) changed at 2015-10-20 22:00:42 ...done in 0.69732 seconds.
      Regenerating: 4 file(s) changed at 2015-10-20 22:00:43 ...done in 0.358239 seconds.
      Regenerating: 5 file(s) changed at 2015-10-20 22:00:46 ...done in 0.596927 seconds.
      Regenerating: 2 file(s) changed at 2015-10-20 22:01:05 ...done in 0.492417 seconds.
      Regenerating: 1 file(s) changed at 2015-10-20 22:01:06 ...done in 0.503902 seconds.
      Regenerating: 1 file(s) changed at 2015-10-20 22:01:10 ...done in 0.38165 seconds.
      Regenerating: 2 file(s) changed at 2015-10-20 22:01:19 ...done in 0.320576 seconds.
      Regenerating: 1 file(s) changed at 2015-10-20 22:01:20 ...done in 0.380932 seconds.
      Regenerating: 3 file(s) changed at 2015-10-20 22:01:25 ...done in 0.41189 seconds.
      Regenerating: 1 file(s) changed at 2015-10-20 22:01:45 ...done in 0.40728 seconds.
      Regenerating: 2 file(s) changed at 2015-10-20 22:02:19 ...done in 0.386967 seconds.
      Regenerating: 2 file(s) changed at 2015-10-20 22:02:41 ...done in 0.522172 seconds.
      Regenerating: 2 file(s) changed at 2015-10-20 22:03:12 ...done in 0.482169 seconds.
      Regenerating: 1 file(s) changed at 2015-10-20 22:03:57 ...done in 0.519839 seconds.
      Regenerating: 1 file(s) changed at 2015-10-20 22:04:04 ...done in 0.406711 seconds.
      Regenerating: 1 file(s) changed at 2015-10-20 22:05:20 ...done in 0.419855 seconds.
      Regenerating: 1 file(s) changed at 2015-10-20 22:05:20 ...done in 0.338749 seconds.
      Regenerating: 2 file(s) changed at 2015-10-20 22:05:23 ...done in 0.414158 seconds.
      Regenerating: 2 file(s) changed at 2015-10-20 22:05:28 ...done in 0.386803 seconds.
      Regenerating: 2 file(s) changed at 2015-10-20 22:05:36 ...done in 0.375042 seconds.
      Regenerating: 2 file(s) changed at 2015-10-20 22:05:39 ...done in 0.400388 seconds.
      Regenerating: 2 file(s) changed at 2015-10-20 22:05:46 ...done in 0.40103 seconds.
      Regenerating: 1 file(s) changed at 2015-10-20 22:06:03 ...done in 0.395667 seconds.
      Regenerating: 1 file(s) changed at 2015-10-20 22:06:04 ...done in 0.367402 seconds.
      Regenerating: 2 file(s) changed at 2015-10-20 22:06:10 ...done in 0.409242 seconds.
      Regenerating: 2 file(s) changed at 2015-10-20 22:06:28 ...done in 0.351671 seconds.
      Regenerating: 1 file(s) changed at 2015-10-20 22:06:34 ...done in 0.46817 seconds.
      Regenerating: 1 file(s) changed at 2015-10-20 22:06:57 ...done in 0.722102 seconds.
      Regenerating: 1 file(s) changed at 2015-10-20 22:08:12 ...done in 0.430146 seconds.
      Regenerating: 1 file(s) changed at 2015-10-20 22:08:13 ...done in 0.509671 seconds.
      Regenerating: 2 file(s) changed at 2015-10-20 22:08:14 ...done in 0.409624 seconds.
      Regenerating: 1 file(s) changed at 2015-10-20 22:08:15 ...done in 0.480356 seconds.
